[1015/093413.831:ERROR:directory_reader_win.cc(43)] FindFirstFile: Системе не удается найти указанный путь. (0x3)
[1015/141126.408:ERROR:process_memory_win.cc(73)] ReadMemory at 0x2b26b98de80 of 72 bytes failed: Запрос ReadProcessMemory или WriteProcessMemory был выполнен только частично. (0x12B)
[1015/141126.545:WARNING:pe_image_annotations_reader.cc(135)] could not read annotations list object in C:\Program Files (x86)\Google\Chrome\Application\86.0.4240.75\chrome_elf.dll
[1015/141126.546:ERROR:process_memory_win.cc(73)] ReadMemory at 0x7ffdfdb00000 of 64 bytes failed: Запрос ReadProcessMemory или WriteProcessMemory был выполнен только частично. (0x12B)
[1015/141126.546:WARNING:pe_image_reader.cc(340)] could not read dos header from C:\Windows\SYSTEM32\VERSION.dll
[1015/141126.548:ERROR:process_memory_win.cc(73)] ReadMemory at 0x7ffe10ed0000 of 64 bytes failed: Запрос ReadProcessMemory или WriteProcessMemory был выполнен только частично. (0x12B)
[1015/141126.548:WARNING:pe_image_reader.cc(340)] could not read dos header from C:\Windows\System32\msvcrt.dll
[1015/141126.548:ERROR:process_memory_win.cc(73)] ReadMemory at 0x7ffe10b10000 of 64 bytes failed: Запрос ReadProcessMemory или WriteProcessMemory был выполнен только частично. (0x12B)
[1015/141126.548:WARNING:pe_image_reader.cc(340)] could not read dos header from C:\Windows\System32\ADVAPI32.dll
[1015/141126.549:ERROR:process_memory_win.cc(73)] ReadMemory at 0x7ffe11190000 of 64 bytes failed: Запрос ReadProcessMemory или WriteProcessMemory был выполнен только частично. (0x12B)
[1015/141126.549:WARNING:pe_image_reader.cc(340)] could not read dos header from C:\Windows\System32\sechost.dll
[1015/141126.549:ERROR:process_memory_win.cc(73)] ReadMemory at 0x7ffe0fc80000 of 64 bytes failed: Запрос ReadProcessMemory или WriteProcessMemory был выполнен только частично. (0x12B)
[1015/141126.549:WARNING:pe_image_reader.cc(340)] could not read dos header from C:\Windows\System32\RPCRT4.dll
[1015/141126.550:ERROR:process_memory_win.cc(73)] ReadMemory at 0x7ffdc35f0000 of 64 bytes failed: Запрос ReadProcessMemory или WriteProcessMemory был выполнен только частично. (0x12B)
[1015/141126.550:WARNING:pe_image_reader.cc(340)] could not read dos header from C:\Program Files (x86)\Google\Chrome\Application\86.0.4240.75\chrome.dll
[1015/141126.550:ERROR:process_memory_win.cc(73)] ReadMemory at 0x7ffe11120000 of 64 bytes failed: Запрос ReadProcessMemory или WriteProcessMemory был выполнен только частично. (0x12B)
[1015/141126.550:WARNING:pe_image_reader.cc(340)] could not read dos header from C:\Windows\System32\WS2_32.dll
[1015/141126.550:ERROR:process_memory_win.cc(73)] ReadMemory at 0x7ffe10910000 of 64 bytes failed: Запрос ReadProcessMemory или WriteProcessMemory был выполнен только частично. (0x12B)
[1015/141126.550:WARNING:pe_image_reader.cc(340)] could not read dos header from C:\Windows\System32\OLEAUT32.dll
[1015/141126.550:ERROR:process_memory_win.cc(73)] ReadMemory at 0x7ffe0f050000 of 64 bytes failed: Запрос ReadProcessMemory или WriteProcessMemory был выполнен только частично. (0x12B)
[1015/141126.550:WARNING:pe_image_reader.cc(340)] could not read dos header from C:\Windows\System32\msvcp_win.dll
[1015/141126.550:ERROR:process_memory_win.cc(73)] ReadMemory at 0x7ffe0f1d0000 of 64 bytes failed: Запрос ReadProcessMemory или WriteProcessMemory был выполнен только частично. (0x12B)
[1015/141126.550:WARNING:pe_image_reader.cc(340)] could not read dos header from C:\Windows\System32\ucrtbase.dll
[1015/141126.550:ERROR:process_memory_win.cc(73)] ReadMemory at 0x7ffe105b0000 of 64 bytes failed: Запрос ReadProcessMemory или WriteProcessMemory был выполнен только частично. (0x12B)
[1015/141126.550:WARNING:pe_image_reader.cc(340)] could not read dos header from C:\Windows\System32\combase.dll
[1015/141126.551:ERROR:process_memory_win.cc(73)] ReadMemory at 0x7ffe0ee90000 of 64 bytes failed: Запрос ReadProcessMemory или WriteProcessMemory был выполнен только частично. (0x12B)
[1015/141126.551:WARNING:pe_image_reader.cc(340)] could not read dos header from C:\Windows\System32\WINTRUST.dll
[1015/141126.551:ERROR:process_memory_win.cc(73)] ReadMemory at 0x7ffe0e9b0000 of 64 bytes failed: Запрос ReadProcessMemory или WriteProcessMemory был выполнен только частично. (0x12B)
[1015/141126.551:WARNING:pe_image_reader.cc(340)] could not read dos header from C:\Windows\System32\CRYPT32.dll
[1015/141126.551:ERROR:process_memory_win.cc(73)] ReadMemory at 0x7ffe0cf70000 of 64 bytes failed: Запрос ReadProcessMemory или WriteProcessMemory был выполнен только частично. (0x12B)
[1015/141126.551:WARNING:pe_image_reader.cc(340)] could not read dos header from C:\Windows\SYSTEM32\dbghelp.dll
[1015/141126.551:ERROR:process_memory_win.cc(73)] ReadMemory at 0x7ffe0ddc0000 of 64 bytes failed: Запрос ReadProcessMemory или WriteProcessMemory был выполнен только частично. (0x12B)
[1015/141126.551:WARNING:pe_image_reader.cc(340)] could not read dos header from C:\Windows\SYSTEM32\IPHLPAPI.DLL
[1015/141126.551:ERROR:process_memory_win.cc(73)] ReadMemory at 0x7ffdfde50000 of 64 bytes failed: Запрос ReadProcessMemory или WriteProcessMemory был выполнен только частично. (0x12B)
[1015/141126.551:WARNING:pe_image_reader.cc(340)] could not read dos header from C:\Windows\SYSTEM32\WINMM.dll
[1015/141126.552:ERROR:process_memory_win.cc(73)] ReadMemory at 0x7ffdf1480000 of 64 bytes failed: Запрос ReadProcessMemory или WriteProcessMemory был выполнен только частично. (0x12B)
[1015/141126.552:WARNING:pe_image_reader.cc(340)] could not read dos header from C:\Windows\SYSTEM32\UIAutomationCore.DLL
[1015/141126.552:ERROR:process_memory_win.cc(73)] ReadMemory at 0x7ffdfa460000 of 64 bytes failed: Запрос ReadProcessMemory или WriteProcessMemory был выполнен только частично. (0x12B)
[1015/141126.552:WARNING:pe_image_reader.cc(340)] could not read dos header from C:\Windows\SYSTEM32\Secur32.dll
[1015/141126.552:ERROR:process_memory_win.cc(73)] ReadMemory at 0x7ffe0e860000 of 64 bytes failed: Запрос ReadProcessMemory или WriteProcessMemory был выполнен только частично. (0x12B)
[1015/141126.552:WARNING:pe_image_reader.cc(340)] could not read dos header from C:\Windows\SYSTEM32\USERENV.dll
[1015/141126.552:ERROR:process_memory_win.cc(73)] ReadMemory at 0x7ffe01150000 of 64 bytes failed: Запрос ReadProcessMemory или WriteProcessMemory был выполнен только частично. (0x12B)
[1015/141126.552:WARNING:pe_image_reader.cc(340)] could not read dos header from C:\Windows\SYSTEM32\DWrite.dll
[1015/141126.552:ERROR:process_memory_win.cc(73)] ReadMemory at 0x7ffdfd7c0000 of 64 bytes failed: Запрос ReadProcessMemory или WriteProcessMemory был выполнен только частично. (0x12B)
[1015/141126.553:WARNING:pe_image_reader.cc(340)] could not read dos header from C:\Windows\SYSTEM32\WINSPOOL.DRV
[1015/141126.553:ERROR:process_memory_win.cc(73)] ReadMemory at 0x7ffdfdc50000 of 64 bytes failed: Запрос ReadProcessMemory или WriteProcessMemory был выполнен только частично. (0x12B)
[1015/141126.553:WARNING:pe_image_reader.cc(340)] could not read dos header from C:\Windows\SYSTEM32\WINHTTP.dll
[1015/141126.553:ERROR:process_memory_win.cc(73)] ReadMemory at 0x7ffe09b30000 of 64 bytes failed: Запрос ReadProcessMemory или WriteProcessMemory был выполнен только частично. (0x12B)
[1015/141126.553:WARNING:pe_image_reader.cc(340)] could not read dos header from C:\Windows\SYSTEM32\dhcpcsvc.DLL
[1015/141126.553:ERROR:process_memory_win.cc(73)] ReadMemory at 0x7ffe0ada0000 of 64 bytes failed: Запрос ReadProcessMemory или WriteProcessMemory был выполнен только частично. (0x12B)
[1015/141126.553:WARNING:pe_image_reader.cc(340)] could not read dos header from C:\Windows\SYSTEM32\PROPSYS.dll
[1015/141126.553:ERROR:process_memory_win.cc(73)] ReadMemory at 0x7ffe0e890000 of 64 bytes failed: Запрос ReadProcessMemory или WriteProcessMemory был выполнен только частично. (0x12B)
[1015/141126.553:WARNING:pe_image_reader.cc(340)] could not read dos header from C:\Windows\SYSTEM32\SSPICLI.DLL
[1015/141126.553:ERROR:process_memory_win.cc(73)] ReadMemory at 0x7ffe0e550000 of 64 bytes failed: Запрос ReadProcessMemory или WriteProcessMemory был выполнен только частично. (0x12B)
[1015/141126.553:WARNING:pe_image_reader.cc(340)] could not read dos header from C:\Windows\System32\MSASN1.dll
[1015/141126.554:ERROR:process_memory_win.cc(73)] ReadMemory at 0x7ffe0ede0000 of 64 bytes failed: Запрос ReadProcessMemory или WriteProcessMemory был выполнен только частично. (0x12B)
[1015/141126.554:WARNING:pe_image_reader.cc(340)] could not read dos header from C:\Windows\System32\bcryptPrimitives.dll
[1015/141126.554:ERROR:process_memory_win.cc(73)] ReadMemory at 0x7ffe0e320000 of 64 bytes failed: Запрос ReadProcessMemory или WriteProcessMemory был выполнен только частично. (0x12B)
[1015/141126.555:WARNING:pe_image_reader.cc(340)] could not read dos header from C:\Windows\SYSTEM32\CRYPTBASE.DLL
[1015/141126.556:ERROR:process_memory_win.cc(73)] ReadMemory at 0x7ff7022c0000 of 64 bytes failed: Запрос ReadProcessMemory или WriteProcessMemory был выполнен только частично. (0x12B)
[1015/141126.556:WARNING:pe_image_reader.cc(340)] could not read dos header from C:\Program Files (x86)\Google\Chrome\Application\chrome.exe
[1015/141126.556:ERROR:process_memory_win.cc(73)] ReadMemory at 0x7ffe11270000 of 64 bytes failed: Запрос ReadProcessMemory или WriteProcessMemory был выполнен только частично. (0x12B)
[1015/141126.556:WARNING:pe_image_reader.cc(340)] could not read dos header from C:\Windows\SYSTEM32\ntdll.dll
[1015/141126.556:ERROR:process_memory_win.cc(73)] ReadMemory at 0x7ffe109f0000 of 64 bytes failed: Запрос ReadProcessMemory или WriteProcessMemory был выполнен только частично. (0x12B)
[1015/141126.556:WARNING:pe_image_reader.cc(340)] could not read dos header from C:\Windows\System32\KERNEL32.DLL
[1015/141126.556:ERROR:process_memory_win.cc(73)] ReadMemory at 0x7ffe0eb10000 of 64 bytes failed: Запрос ReadProcessMemory или WriteProcessMemory был выполнен только частично. (0x12B)
[1015/141126.556:WARNING:pe_image_reader.cc(340)] could not read dos header from C:\Windows\System32\KERNELBASE.dll
[1015/141126.556:ERROR:process_memory_win.cc(73)] ReadMemory at 0x7ffde1ac0000 of 64 bytes failed: Запрос ReadProcessMemory или WriteProcessMemory был выполнен только частично. (0x12B)
[1015/141126.557:WARNING:pe_image_reader.cc(340)] could not read dos header from C:\Program Files (x86)\Google\Chrome\Application\86.0.4240.75\chrome_elf.dll
[1015/141126.557:ERROR:process_memory_win.cc(73)] ReadMemory at 0x7ffdfdb00000 of 64 bytes failed: Запрос ReadProcessMemory или WriteProcessMemory был выполнен только частично. (0x12B)
[1015/141126.557:WARNING:pe_image_reader.cc(340)] could not read dos header from C:\Windows\SYSTEM32\VERSION.dll
[1015/141126.557:ERROR:process_memory_win.cc(73)] ReadMemory at 0x7ffe10ed0000 of 64 bytes failed: Запрос ReadProcessMemory или WriteProcessMemory был выполнен только частично. (0x12B)
[1015/141126.557:WARNING:pe_image_reader.cc(340)] could not read dos header from C:\Windows\System32\msvcrt.dll
[1015/141126.557:ERROR:process_memory_win.cc(73)] ReadMemory at 0x7ffe10b10000 of 64 bytes failed: Запрос ReadProcessMemory или WriteProcessMemory был выполнен только частично. (0x12B)
[1015/141126.557:WARNING:pe_image_reader.cc(340)] could not read dos header from C:\Windows\System32\ADVAPI32.dll
[1015/141126.557:ERROR:process_memory_win.cc(73)] ReadMemory at 0x7ffe11190000 of 64 bytes failed: Запрос ReadProcessMemory или WriteProcessMemory был выполнен только частично. (0x12B)
[1015/141126.557:WARNING:pe_image_reader.cc(340)] could not read dos header from C:\Windows\System32\sechost.dll
[1015/141126.558:ERROR:process_memory_win.cc(73)] ReadMemory at 0x7ffe0fc80000 of 64 bytes failed: Запрос ReadProcessMemory или WriteProcessMemory был выполнен только частично. (0x12B)
[1015/141126.558:WARNING:pe_image_reader.cc(340)] could not read dos header from C:\Windows\System32\RPCRT4.dll
[1015/141126.558:ERROR:process_memory_win.cc(73)] ReadMemory at 0x7ffdc35f0000 of 64 bytes failed: Запрос ReadProcessMemory или WriteProcessMemory был выполнен только частично. (0x12B)
[1015/141126.558:WARNING:pe_image_reader.cc(340)] could not read dos header from C:\Program Files (x86)\Google\Chrome\Application\86.0.4240.75\chrome.dll
[1015/141126.558:ERROR:process_memory_win.cc(73)] ReadMemory at 0x7ffe11120000 of 64 bytes failed: Запрос ReadProcessMemory или WriteProcessMemory был выполнен только частично. (0x12B)
[1015/141126.558:WARNING:pe_image_reader.cc(340)] could not read dos header from C:\Windows\System32\WS2_32.dll
[1015/141126.558:ERROR:process_memory_win.cc(73)] ReadMemory at 0x7ffe10910000 of 64 bytes failed: Запрос ReadProcessMemory или WriteProcessMemory был выполнен только частично. (0x12B)
[1015/141126.558:WARNING:pe_image_reader.cc(340)] could not read dos header from C:\Windows\System32\OLEAUT32.dll
[1015/141126.558:ERROR:process_memory_win.cc(73)] ReadMemory at 0x7ffe0f050000 of 64 bytes failed: Запрос ReadProcessMemory или WriteProcessMemory был выполнен только частично. (0x12B)
[1015/141126.565:WARNING:pe_image_reader.cc(340)] could not read dos header from C:\Windows\System32\msvcp_win.dll
[1015/141126.566:ERROR:process_memory_win.cc(73)] ReadMemory at 0x7ffe0f1d0000 of 64 bytes failed: Запрос ReadProcessMemory или WriteProcessMemory был выполнен только частично. (0x12B)
[1015/141126.566:WARNING:pe_image_reader.cc(340)] could not read dos header from C:\Windows\System32\ucrtbase.dll
[1015/141126.566:ERROR:process_memory_win.cc(73)] ReadMemory at 0x7ffe105b0000 of 64 bytes failed: Запрос ReadProcessMemory или WriteProcessMemory был выполнен только частично. (0x12B)
[1015/141126.566:WARNING:pe_image_reader.cc(340)] could not read dos header from C:\Windows\System32\combase.dll
[1015/141126.566:ERROR:process_memory_win.cc(73)] ReadMemory at 0x7ffe0ee90000 of 64 bytes failed: Запрос ReadProcessMemory или WriteProcessMemory был выполнен только частично. (0x12B)
[1015/141126.566:WARNING:pe_image_reader.cc(340)] could not read dos header from C:\Windows\System32\WINTRUST.dll
[1015/141126.566:ERROR:process_memory_win.cc(73)] ReadMemory at 0x7ffe0e9b0000 of 64 bytes failed: Запрос ReadProcessMemory или WriteProcessMemory был выполнен только частично. (0x12B)
[1015/141126.566:WARNING:pe_image_reader.cc(340)] could not read dos header from C:\Windows\System32\CRYPT32.dll
[1015/141126.566:ERROR:process_memory_win.cc(73)] ReadMemory at 0x7ffe0cf70000 of 64 bytes failed: Запрос ReadProcessMemory или WriteProcessMemory был выполнен только частично. (0x12B)
[1015/141126.567:WARNING:pe_image_reader.cc(340)] could not read dos header from C:\Windows\SYSTEM32\dbghelp.dll
[1015/141126.567:ERROR:process_memory_win.cc(73)] ReadMemory at 0x7ffe0ddc0000 of 64 bytes failed: Запрос ReadProcessMemory или WriteProcessMemory был выполнен только частично. (0x12B)
[1015/141126.567:WARNING:pe_image_reader.cc(340)] could not read dos header from C:\Windows\SYSTEM32\IPHLPAPI.DLL
[1015/141126.567:ERROR:process_memory_win.cc(73)] ReadMemory at 0x7ffdfde50000 of 64 bytes failed: Запрос ReadProcessMemory или WriteProcessMemory был выполнен только частично. (0x12B)
[1015/141126.567:WARNING:pe_image_reader.cc(340)] could not read dos header from C:\Windows\SYSTEM32\WINMM.dll
[1015/141126.567:ERROR:process_memory_win.cc(73)] ReadMemory at 0x7ffdf1480000 of 64 bytes failed: Запрос ReadProcessMemory или WriteProcessMemory был выполнен только частично. (0x12B)
[1015/141126.567:WARNING:pe_image_reader.cc(340)] could not read dos header from C:\Windows\SYSTEM32\UIAutomationCore.DLL
[1015/141126.567:ERROR:process_memory_win.cc(73)] ReadMemory at 0x7ffdfa460000 of 64 bytes failed: Запрос ReadProcessMemory или WriteProcessMemory был выполнен только частично. (0x12B)
[1015/141126.567:WARNING:pe_image_reader.cc(340)] could not read dos header from C:\Windows\SYSTEM32\Secur32.dll
[1015/141126.567:ERROR:process_memory_win.cc(73)] ReadMemory at 0x7ffe0e860000 of 64 bytes failed: Запрос ReadProcessMemory или WriteProcessMemory был выполнен только частично. (0x12B)
[1015/141126.567:WARNING:pe_image_reader.cc(340)] could not read dos header from C:\Windows\SYSTEM32\USERENV.dll
[1015/141126.567:ERROR:process_memory_win.cc(73)] ReadMemory at 0x7ffe01150000 of 64 bytes failed: Запрос ReadProcessMemory или WriteProcessMemory был выполнен только частично. (0x12B)
[1015/141126.568:WARNING:pe_image_reader.cc(340)] could not read dos header from C:\Windows\SYSTEM32\DWrite.dll
[1015/141126.568:ERROR:process_memory_win.cc(73)] ReadMemory at 0x7ffdfd7c0000 of 64 bytes failed: Запрос ReadProcessMemory или WriteProcessMemory был выполнен только частично. (0x12B)
[1015/141126.568:WARNING:pe_image_reader.cc(340)] could not read dos header from C:\Windows\SYSTEM32\WINSPOOL.DRV
[1015/141126.568:ERROR:process_memory_win.cc(73)] ReadMemory at 0x7ffdfdc50000 of 64 bytes failed: Запрос ReadProcessMemory или WriteProcessMemory был выполнен только частично. (0x12B)
[1015/141126.568:WARNING:pe_image_reader.cc(340)] could not read dos header from C:\Windows\SYSTEM32\WINHTTP.dll
[1015/141126.568:ERROR:process_memory_win.cc(73)] ReadMemory at 0x7ffe09b30000 of 64 bytes failed: Запрос ReadProcessMemory или WriteProcessMemory был выполнен только частично. (0x12B)
[1015/141126.568:WARNING:pe_image_reader.cc(340)] could not read dos header from C:\Windows\SYSTEM32\dhcpcsvc.DLL
[1015/141126.569:ERROR:process_memory_win.cc(73)] ReadMemory at 0x7ffe0ada0000 of 64 bytes failed: Запрос ReadProcessMemory или WriteProcessMemory был выполнен только частично. (0x12B)
[1015/141126.569:WARNING:pe_image_reader.cc(340)] could not read dos header from C:\Windows\SYSTEM32\PROPSYS.dll
[1015/141126.569:ERROR:process_memory_win.cc(73)] ReadMemory at 0x7ffe0e890000 of 64 bytes failed: Запрос ReadProcessMemory или WriteProcessMemory был выполнен только частично. (0x12B)
[1015/141126.569:WARNING:pe_image_reader.cc(340)] could not read dos header from C:\Windows\SYSTEM32\SSPICLI.DLL
[1015/141126.569:ERROR:process_memory_win.cc(73)] ReadMemory at 0x7ffe0e550000 of 64 bytes failed: Запрос ReadProcessMemory или WriteProcessMemory был выполнен только частично. (0x12B)
[1015/141126.569:WARNING:pe_image_reader.cc(340)] could not read dos header from C:\Windows\System32\MSASN1.dll
[1015/141126.569:ERROR:process_memory_win.cc(73)] ReadMemory at 0x7ffe0ede0000 of 64 bytes failed: Запрос ReadProcessMemory или WriteProcessMemory был выполнен только частично. (0x12B)
[1015/141126.569:WARNING:pe_image_reader.cc(340)] could not read dos header from C:\Windows\System32\bcryptPrimitives.dll
[1015/141126.569:ERROR:process_memory_win.cc(73)] ReadMemory at 0x7ffe0e320000 of 64 bytes failed: Запрос ReadProcessMemory или WriteProcessMemory был выполнен только частично. (0x12B)
[1015/141126.569:WARNING:pe_image_reader.cc(340)] could not read dos header from C:\Windows\SYSTEM32\CRYPTBASE.DLL
[1015/141126.775:ERROR:process_memory_win.cc(73)] ReadMemory at 0xc5a5fdf000 of 135168 bytes failed: Запрос ReadProcessMemory или WriteProcessMemory был выполнен только частично. (0x12B)
[1015/141126.797:ERROR:process_memory_win.cc(73)] ReadMemory at 0xc5a67fe000 of 8192 bytes failed: Запрос ReadProcessMemory или WriteProcessMemory был выполнен только частично. (0x12B)
[1015/141126.798:ERROR:process_memory_win.cc(73)] ReadMemory at 0xc5a77fe000 of 8192 bytes failed: Запрос ReadProcessMemory или WriteProcessMemory был выполнен только частично. (0x12B)
[1015/141126.798:ERROR:process_memory_win.cc(73)] ReadMemory at 0xc5a7ffd000 of 12288 bytes failed: Запрос ReadProcessMemory или WriteProcessMemory был выполнен только частично. (0x12B)
[1015/141126.799:ERROR:process_memory_win.cc(73)] ReadMemory at 0xc5a87fe000 of 8192 bytes failed: Запрос ReadProcessMemory или WriteProcessMemory был выполнен только частично. (0x12B)
[1015/141126.800:ERROR:process_memory_win.cc(73)] ReadMemory at 0xc5a8ffe000 of 8192 bytes failed: Запрос ReadProcessMemory или WriteProcessMemory был выполнен только частично. (0x12B)
[1015/141126.801:ERROR:process_memory_win.cc(73)] ReadMemory at 0xc5a97fc000 of 16384 bytes failed: Запрос ReadProcessMemory или WriteProcessMemory был выполнен только частично. (0x12B)
[1015/141126.801:ERROR:process_memory_win.cc(73)] ReadMemory at 0xc5aa7fe000 of 8192 bytes failed: Запрос ReadProcessMemory или WriteProcessMemory был выполнен только частично. (0x12B)
[1015/141126.801:ERROR:process_memory_win.cc(73)] ReadMemory at 0xc5aaff8000 of 32768 bytes failed: Запрос ReadProcessMemory или WriteProcessMemory был выполнен только частично. (0x12B)
[1015/141126.802:ERROR:process_memory_win.cc(73)] ReadMemory at 0xc5ab7fc000 of 16384 bytes failed: Запрос ReadProcessMemory или WriteProcessMemory был выполнен только частично. (0x12B)
[1015/141126.802:ERROR:process_memory_win.cc(73)] ReadMemory at 0xc5a9ffe000 of 8192 bytes failed: Запрос ReadProcessMemory или WriteProcessMemory был выполнен только частично. (0x12B)
[1015/141126.802:ERROR:process_memory_win.cc(73)] ReadMemory at 0xc5ac7fc000 of 16384 bytes failed: Запрос ReadProcessMemory или WriteProcessMemory был выполнен только частично. (0x12B)
[1015/141126.802:ERROR:process_memory_win.cc(73)] ReadMemory at 0xc5a6ffd000 of 12288 bytes failed: Запрос ReadProcessMemory или WriteProcessMemory был выполнен только частично. (0x12B)
[1015/141126.803:ERROR:process_memory_win.cc(73)] ReadMemory at 0xc5abffd000 of 12288 bytes failed: Запрос ReadProcessMemory или WriteProcessMemory был выполнен только частично. (0x12B)
[1015/141126.803:ERROR:process_memory_win.cc(73)] ReadMemory at 0xc5acfff000 of 4096 bytes failed: Запрос ReadProcessMemory или WriteProcessMemory был выполнен только частично. (0x12B)
[1015/141126.803:ERROR:process_memory_win.cc(73)] ReadMemory at 0xc5a5600000 of 6024 bytes failed: Запрос ReadProcessMemory или WriteProcessMemory был выполнен только частично. (0x12B)
[1015/141126.803:ERROR:process_memory_win.cc(73)] ReadMemory at 0xc5a5602000 of 6024 bytes failed: Запрос ReadProcessMemory или WriteProcessMemory был выполнен только частично. (0x12B)
[1015/141126.803:ERROR:process_memory_win.cc(73)] ReadMemory at 0xc5a5606000 of 6024 bytes failed: Запрос ReadProcessMemory или WriteProcessMemory был выполнен только частично. (0x12B)
[1015/141126.804:ERROR:process_memory_win.cc(73)] ReadMemory at 0xc5a5608000 of 6024 bytes failed: Запрос ReadProcessMemory или WriteProcessMemory был выполнен только частично. (0x12B)
[1015/141126.804:ERROR:process_memory_win.cc(73)] ReadMemory at 0xc5a560a000 of 6024 bytes failed: Запрос ReadProcessMemory или WriteProcessMemory был выполнен только частично. (0x12B)
[1015/141126.804:ERROR:process_memory_win.cc(73)] ReadMemory at 0xc5a560c000 of 6024 bytes failed: Запрос ReadProcessMemory или WriteProcessMemory был выполнен только частично. (0x12B)
[1015/141126.804:ERROR:process_memory_win.cc(73)] ReadMemory at 0xc5a560e000 of 6024 bytes failed: Запрос ReadProcessMemory или WriteProcessMemory был выполнен только частично. (0x12B)
[1015/141126.805:ERROR:process_memory_win.cc(73)] ReadMemory at 0xc5a5612000 of 6024 bytes failed: Запрос ReadProcessMemory или WriteProcessMemory был выполнен только частично. (0x12B)
[1015/141126.805:ERROR:process_memory_win.cc(73)] ReadMemory at 0xc5a5614000 of 6024 bytes failed: Запрос ReadProcessMemory или WriteProcessMemory был выполнен только частично. (0x12B)
[1015/141126.805:ERROR:process_memory_win.cc(73)] ReadMemory at 0xc5a5616000 of 6024 bytes failed: Запрос ReadProcessMemory или WriteProcessMemory был выполнен только частично. (0x12B)
[1015/141126.805:ERROR:process_memory_win.cc(73)] ReadMemory at 0xc5a561c000 of 6024 bytes failed: Запрос ReadProcessMemory или WriteProcessMemory был выполнен только частично. (0x12B)
[1015/141126.806:ERROR:process_memory_win.cc(73)] ReadMemory at 0xc5a5620000 of 6024 bytes failed: Запрос ReadProcessMemory или WriteProcessMemory был выполнен только частично. (0x12B)
[1015/141126.806:ERROR:process_memory_win.cc(73)] ReadMemory at 0xc5a5622000 of 6024 bytes failed: Запрос ReadProcessMemory или WriteProcessMemory был выполнен только частично. (0x12B)
[1015/141126.806:ERROR:process_memory_win.cc(73)] ReadMemory at 0xc5a5624000 of 6024 bytes failed: Запрос ReadProcessMemory или WriteProcessMemory был выполнен только частично. (0x12B)
[1015/141126.806:ERROR:process_memory_win.cc(73)] ReadMemory at 0xc5a5626000 of 6024 bytes failed: Запрос ReadProcessMemory или WriteProcessMemory был выполнен только частично. (0x12B)
[1015/141126.807:ERROR:process_memory_win.cc(73)] ReadMemory at 0xc5a57fe000 of 852 bytes failed: Запрос ReadProcessMemory или WriteProcessMemory был выполнен только частично. (0x12B)
[1015/141126.807:ERROR:process_memory_win.cc(73)] ReadMemory at 0x2b26b980fe0 of 14800 bytes failed: Запрос ReadProcessMemory или WriteProcessMemory был выполнен только частично. (0x12B)
[1015/141126.808:ERROR:process_memory_win.cc(73)] ReadMemory at 0x2b26b9849c0 of 1012 bytes failed: Запрос ReadProcessMemory или WriteProcessMemory был выполнен только частично. (0x12B)
[1015/141126.813:ERROR:process_memory_win.cc(73)] ReadMemory at 0x2b26b985008 of 118 bytes failed: Запрос ReadProcessMemory или WriteProcessMemory был выполнен только частично. (0x12B)
[1015/141126.813:ERROR:process_memory_win.cc(73)] ReadMemory at 0x2b26b985080 of 636 bytes failed: Запрос ReadProcessMemory или WriteProcessMemory был выполнен только частично. (0x12B)
[1015/141126.814:ERROR:process_memory_win.cc(73)] ReadMemory at 0x2b26b9852fe of 118 bytes failed: Запрос ReadProcessMemory или WriteProcessMemory был выполнен только частично. (0x12B)
[1015/141126.814:ERROR:process_memory_win.cc(73)] ReadMemory at 0x2b26b985376 of 98 bytes failed: Запрос ReadProcessMemory или WriteProcessMemory был выполнен только частично. (0x12B)
[1015/141126.815:ERROR:process_memory_win.cc(73)] ReadMemory at 0x2b26b9853f0 of 58 bytes failed: Запрос ReadProcessMemory или WriteProcessMemory был выполнен только частично. (0x12B)
[1015/141126.815:ERROR:process_memory_win.cc(73)] ReadMemory at 0x2b26b9854f0 of 132 bytes failed: Запрос ReadProcessMemory или WriteProcessMemory был выполнен только частично. (0x12B)
[1015/141126.817:ERROR:process_memory_win.cc(73)] ReadMemory at 0x2b26b985680 of 132 bytes failed: Запрос ReadProcessMemory или WriteProcessMemory был выполнен только частично. (0x12B)
[1015/141126.817:ERROR:process_memory_win.cc(73)] ReadMemory at 0x2b26b985840 of 124 bytes failed: Запрос ReadProcessMemory или WriteProcessMemory был выполнен только частично. (0x12B)
[1015/141126.817:ERROR:process_memory_win.cc(73)] ReadMemory at 0x2b26b985d40 of 132 bytes failed: Запрос ReadProcessMemory или WriteProcessMemory был выполнен только частично. (0x12B)
[1015/141126.818:ERROR:process_memory_win.cc(73)] ReadMemory at 0x2b26b985ed0 of 64 bytes failed: Запрос ReadProcessMemory или WriteProcessMemory был выполнен только частично. (0x12B)
[1015/141126.818:ERROR:process_memory_win.cc(73)] ReadMemory at 0x2b26b986090 of 132 bytes failed: Запрос ReadProcessMemory или WriteProcessMemory был выполнен только частично. (0x12B)
[1015/141126.818:ERROR:process_memory_win.cc(73)] ReadMemory at 0x2b26b986350 of 132 bytes failed: Запрос ReadProcessMemory или WriteProcessMemory был выполнен только частично. (0x12B)
[1015/141126.818:ERROR:process_memory_win.cc(73)] ReadMemory at 0x2b26b9864e0 of 68 bytes failed: Запрос ReadProcessMemory или WriteProcessMemory был выполнен только частично. (0x12B)
[1015/141126.818:ERROR:process_memory_win.cc(73)] ReadMemory at 0x2b26b987570 of 132 bytes failed: Запрос ReadProcessMemory или WriteProcessMemory был выполнен только частично. (0x12B)
[1015/141126.818:ERROR:process_memory_win.cc(73)] ReadMemory at 0x2b26b9876a0 of 152 bytes failed: Запрос ReadProcessMemory или WriteProcessMemory был выполнен только частично. (0x12B)
[1015/141126.819:ERROR:process_memory_win.cc(73)] ReadMemory at 0x2b26b9883b0 of 60 bytes failed: Запрос ReadProcessMemory или WriteProcessMemory был выполнен только частично. (0x12B)
[1015/141126.819:ERROR:process_memory_win.cc(73)] ReadMemory at 0x2b26b988d70 of 62 bytes failed: Запрос ReadProcessMemory или WriteProcessMemory был выполнен только частично. (0x12B)
[1015/141126.819:ERROR:process_memory_win.cc(73)] ReadMemory at 0x2b26b988ea0 of 132 bytes failed: Запрос ReadProcessMemory или WriteProcessMemory был выполнен только частично. (0x12B)
[1015/141126.819:ERROR:process_memory_win.cc(73)] ReadMemory at 0x2b26b996410 of 62 bytes failed: Запрос ReadProcessMemory или WriteProcessMemory был выполнен только частично. (0x12B)
[1015/141126.819:ERROR:process_memory_win.cc(73)] ReadMemory at 0x2b26b996780 of 62 bytes failed: Запрос ReadProcessMemory или WriteProcessMemory был выполнен только частично. (0x12B)
[1015/141126.819:ERROR:process_memory_win.cc(73)] ReadMemory at 0x2b26b996820 of 64 bytes failed: Запрос ReadProcessMemory или WriteProcessMemory был выполнен только частично. (0x12B)
[1015/141126.820:ERROR:process_memory_win.cc(73)] ReadMemory at 0x2b26b996870 of 64 bytes failed: Запрос ReadProcessMemory или WriteProcessMemory был выполнен только частично. (0x12B)
[1015/141126.820:ERROR:process_memory_win.cc(73)] ReadMemory at 0x2b26b996910 of 64 bytes failed: Запрос ReadProcessMemory или WriteProcessMemory был выполнен только частично. (0x12B)
[1015/141126.820:ERROR:process_memory_win.cc(73)] ReadMemory at 0x2b26b996960 of 58 bytes failed: Запрос ReadProcessMemory или WriteProcessMemory был выполнен только частично. (0x12B)
[1015/141126.820:ERROR:process_memory_win.cc(73)] ReadMemory at 0x2b26b996b90 of 60 bytes failed: Запрос ReadProcessMemory или WriteProcessMemory был выполнен только частично. (0x12B)
[1015/141126.820:ERROR:process_memory_win.cc(73)] ReadMemory at 0x2b26b996d70 of 60 bytes failed: Запрос ReadProcessMemory или WriteProcessMemory был выполнен только частично. (0x12B)
[1015/141126.820:ERROR:process_memory_win.cc(73)] ReadMemory at 0x2b26b996dc0 of 62 bytes failed: Запрос ReadProcessMemory или WriteProcessMemory был выполнен только частично. (0x12B)
[1015/141126.821:ERROR:process_memory_win.cc(73)] ReadMemory at 0x2b26b996e10 of 64 bytes failed: Запрос ReadProcessMemory или WriteProcessMemory был выполнен только частично. (0x12B)
[1015/141126.821:ERROR:process_memory_win.cc(73)] ReadMemory at 0x2b26b996eb0 of 64 bytes failed: Запрос ReadProcessMemory или WriteProcessMemory был выполнен только частично. (0x12B)
[1015/141126.821:ERROR:process_memory_win.cc(73)] ReadMemory at 0x2b26b996f00 of 62 bytes failed: Запрос ReadProcessMemory или WriteProcessMemory был выполнен только частично. (0x12B)
[1015/141126.821:ERROR:process_memory_win.cc(73)] ReadMemory at 0x2b26b996ff0 of 66 bytes failed: Запрос ReadProcessMemory или WriteProcessMemory был выполнен только частично. (0x12B)
[1015/141126.821:ERROR:process_memory_win.cc(73)] ReadMemory at 0x2b26b997130 of 62 bytes failed: Запрос ReadProcessMemory или WriteProcessMemory был выполнен только частично. (0x12B)
[1015/141126.821:ERROR:process_memory_win.cc(73)] ReadMemory at 0x2b26b99b1b0 of 80 bytes failed: Запрос ReadProcessMemory или WriteProcessMemory был выполнен только частично. (0x12B)
[1015/141126.822:ERROR:process_memory_win.cc(73)] ReadMemory at 0x2b26b99b540 of 132 bytes failed: Запрос ReadProcessMemory или WriteProcessMemory был выполнен только частично. (0x12B)
[1015/141126.822:ERROR:process_memory_win.cc(73)] ReadMemory at 0x2b26b99ba80 of 144 bytes failed: Запрос ReadProcessMemory или WriteProcessMemory был выполнен только частично. (0x12B)
[1015/141126.822:ERROR:process_memory_win.cc(73)] ReadMemory at 0x2b26b99bb70 of 132 bytes failed: Запрос ReadProcessMemory или WriteProcessMemory был выполнен только частично. (0x12B)
[1015/141126.822:ERROR:process_memory_win.cc(73)] ReadMemory at 0x2b26b99c600 of 132 bytes failed: Запрос ReadProcessMemory или WriteProcessMemory был выполнен только частично. (0x12B)
[1015/141126.822:ERROR:process_memory_win.cc(73)] ReadMemory at 0x2b26b99c810 of 132 bytes failed: Запрос ReadProcessMemory или WriteProcessMemory был выполнен только частично. (0x12B)
[1015/141126.823:ERROR:process_memory_win.cc(73)] ReadMemory at 0x2b26b99cb30 of 132 bytes failed: Запрос ReadProcessMemory или WriteProcessMemory был выполнен только частично. (0x12B)
[1015/141126.823:ERROR:process_memory_win.cc(73)] ReadMemory at 0x2b26b99cd50 of 132 bytes failed: Запрос ReadProcessMemory или WriteProcessMemory был выполнен только частично. (0x12B)
[1015/141126.823:ERROR:process_memory_win.cc(73)] ReadMemory at 0x2b26b99d0a0 of 132 bytes failed: Запрос ReadProcessMemory или WriteProcessMemory был выполнен только частично. (0x12B)
[1015/141126.823:ERROR:process_memory_win.cc(73)] ReadMemory at 0x2b26b99efd0 of 132 bytes failed: Запрос ReadProcessMemory или WriteProcessMemory был выполнен только частично. (0x12B)
[1015/141126.823:ERROR:process_memory_win.cc(73)] ReadMemory at 0x2b26b99f100 of 132 bytes failed: Запрос ReadProcessMemory или WriteProcessMemory был выполнен только частично. (0x12B)
[1015/141126.825:ERROR:process_memory_win.cc(73)] ReadMemory at 0x2b26b99f230 of 132 bytes failed: Запрос ReadProcessMemory или WriteProcessMemory был выполнен только частично. (0x12B)
[1015/141126.825:ERROR:process_memory_win.cc(73)] ReadMemory at 0x2b26b99f360 of 132 bytes failed: Запрос ReadProcessMemory или WriteProcessMemory был выполнен только частично. (0x12B)
[1015/141126.830:ERROR:process_memory_win.cc(73)] ReadMemory at 0x2b26b99f490 of 132 bytes failed: Запрос ReadProcessMemory или WriteProcessMemory был выполнен только частично. (0x12B)
[1015/141126.830:ERROR:process_memory_win.cc(73)] ReadMemory at 0x2b26b99f5c0 of 132 bytes failed: Запрос ReadProcessMemory или WriteProcessMemory был выполнен только частично. (0x12B)
[1015/141126.831:ERROR:process_memory_win.cc(73)] ReadMemory at 0x2b26b99f6f0 of 132 bytes failed: Запрос ReadProcessMemory или WriteProcessMemory был выполнен только частично. (0x12B)
[1015/141126.831:ERROR:process_memory_win.cc(73)] ReadMemory at 0x2b26b99f820 of 132 bytes failed: Запрос ReadProcessMemory или WriteProcessMemory был выполнен только частично. (0x12B)
[1015/141126.831:ERROR:process_memory_win.cc(73)] ReadMemory at 0x2b26b99f950 of 132 bytes failed: Запрос ReadProcessMemory или WriteProcessMemory был выполнен только частично. (0x12B)
[1015/141126.833:ERROR:process_memory_win.cc(73)] ReadMemory at 0x2b26b99fa80 of 132 bytes failed: Запрос ReadProcessMemory или WriteProcessMemory был выполнен только частично. (0x12B)
[1015/141126.834:ERROR:process_memory_win.cc(73)] ReadMemory at 0x2b26b99fbb0 of 132 bytes failed: Запрос ReadProcessMemory или WriteProcessMemory был выполнен только частично. (0x12B)
[1015/141126.834:ERROR:process_memory_win.cc(73)] ReadMemory at 0x2b26b99fce0 of 132 bytes failed: Запрос ReadProcessMemory или WriteProcessMemory был выполнен только частично. (0x12B)
[1015/141126.834:ERROR:process_memory_win.cc(73)] ReadMemory at 0x2b26b99fe10 of 132 bytes failed: Запрос ReadProcessMemory или WriteProcessMemory был выполнен только частично. (0x12B)
[1015/141126.887:ERROR:process_memory_win.cc(73)] ReadMemory at 0x2b26b9a29d0 of 132 bytes failed: Запрос ReadProcessMemory или WriteProcessMemory был выполнен только частично. (0x12B)
[1015/141126.887:ERROR:process_memory_win.cc(73)] ReadMemory at 0x2b26b9a3010 of 132 bytes failed: Запрос ReadProcessMemory или WriteProcessMemory был выполнен только частично. (0x12B)
[1015/141126.887:ERROR:process_memory_win.cc(73)] ReadMemory at 0x2b26b9a9560 of 80 bytes failed: Запрос ReadProcessMemory или WriteProcessMemory был выполнен только частично. (0x12B)
[1015/141126.887:ERROR:process_memory_win.cc(73)] ReadMemory at 0x2b26b9aa510 of 60 bytes failed: Запрос ReadProcessMemory или WriteProcessMemory был выполнен только частично. (0x12B)
[1015/141126.887:ERROR:process_memory_win.cc(73)] ReadMemory at 0x2b26b9aaa10 of 62 bytes failed: Запрос ReadProcessMemory или WriteProcessMemory был выполнен только частично. (0x12B)
[1015/141126.890:ERROR:process_memory_win.cc(73)] ReadMemory at 0x2b26b9aaa60 of 64 bytes failed: Запрос ReadProcessMemory или WriteProcessMemory был выполнен только частично. (0x12B)
[1015/141126.890:ERROR:process_memory_win.cc(73)] ReadMemory at 0x2b26b9aab50 of 62 bytes failed: Запрос ReadProcessMemory или WriteProcessMemory был выполнен только частично. (0x12B)
[1015/141126.890:ERROR:process_memory_win.cc(73)] ReadMemory at 0x2b26b9aac90 of 64 bytes failed: Запрос ReadProcessMemory или WriteProcessMemory был выполнен только частично. (0x12B)
[1015/141126.890:ERROR:process_memory_win.cc(73)] ReadMemory at 0x2b26b9aad30 of 62 bytes failed: Запрос ReadProcessMemory или WriteProcessMemory был выполнен только частично. (0x12B)
[1015/141126.891:ERROR:process_memory_win.cc(73)] ReadMemory at 0x2b26b9aad80 of 62 bytes failed: Запрос ReadProcessMemory или WriteProcessMemory был выполнен только частично. (0x12B)
[1015/141126.891:ERROR:process_memory_win.cc(73)] ReadMemory at 0x2b26b9ab410 of 60 bytes failed: Запрос ReadProcessMemory или WriteProcessMemory был выполнен только частично. (0x12B)
[1015/141126.891:ERROR:process_memory_win.cc(73)] ReadMemory at 0x2b26b9ab650 of 132 bytes failed: Запрос ReadProcessMemory или WriteProcessMemory был выполнен только частично. (0x12B)
[1015/141126.891:ERROR:process_memory_win.cc(73)] ReadMemory at 0x2b26b9acce0 of 132 bytes failed: Запрос ReadProcessMemory или WriteProcessMemory был выполнен только частично. (0x12B)
[1015/141126.892:ERROR:process_memory_win.cc(73)] ReadMemory at 0x2b26b9acf40 of 132 bytes failed: Запрос ReadProcessMemory или WriteProcessMemory был выполнен только частично. (0x12B)
[1015/141126.892:ERROR:process_memory_win.cc(73)] ReadMemory at 0x2b26b9f6320 of 512 bytes failed: Запрос ReadProcessMemory или WriteProcessMemory был выполнен только частично. (0x12B)
[1015/141126.892:ERROR:process_memory_win.cc(73)] ReadMemory at 0x2b26ba1bdb0 of 512 bytes failed: Запрос ReadProcessMemory или WriteProcessMemory был выполнен только частично. (0x12B)
[1015/141126.898:ERROR:process_memory_win.cc(73)] ReadMemory at 0x2b26ba24350 of 512 bytes failed: Запрос ReadProcessMemory или WriteProcessMemory был выполнен только частично. (0x12B)
[1015/141126.899:ERROR:process_memory_win.cc(73)] ReadMemory at 0x2b26ba24f10 of 712 bytes failed: Запрос ReadProcessMemory или WriteProcessMemory был выполнен только частично. (0x12B)
[1015/141126.899:ERROR:process_memory_win.cc(73)] ReadMemory at 0x2b26ba482f0 of 512 bytes failed: Запрос ReadProcessMemory или WriteProcessMemory был выполнен только частично. (0x12B)
[1015/141126.899:ERROR:process_memory_win.cc(73)] ReadMemory at 0x2b26ba4bc10 of 512 bytes failed: Запрос ReadProcessMemory или WriteProcessMemory был выполнен только частично. (0x12B)
[1015/141126.900:ERROR:process_memory_win.cc(73)] ReadMemory at 0x2b26ba58390 of 512 bytes failed: Запрос ReadProcessMemory или WriteProcessMemory был выполнен только частично. (0x12B)
[1015/141126.900:ERROR:process_memory_win.cc(73)] ReadMemory at 0x2b26d360000 of 384 bytes failed: Запрос ReadProcessMemory или WriteProcessMemory был выполнен только частично. (0x12B)
[1015/141126.901:ERROR:process_memory_win.cc(73)] ReadMemory at 0x2b26d36ad20 of 512 bytes failed: Запрос ReadProcessMemory или WriteProcessMemory был выполнен только частично. (0x12B)
[1015/141126.902:ERROR:process_memory_win.cc(73)] ReadMemory at 0x2b26e05e040 of 512 bytes failed: Запрос ReadProcessMemory или WriteProcessMemory был выполнен только частично. (0x12B)
[1015/141126.902:ERROR:process_memory_win.cc(73)] ReadMemory at 0x2b26e07d6c0 of 512 bytes failed: Запрос ReadProcessMemory или WriteProcessMemory был выполнен только частично. (0x12B)
[1015/141126.902:ERROR:process_memory_win.cc(73)] ReadMemory at 0x2b26e07dca0 of 512 bytes failed: Запрос ReadProcessMemory или WriteProcessMemory был выполнен только частично. (0x12B)
[1015/141126.902:ERROR:process_memory_win.cc(73)] ReadMemory at 0x2b26e2d5ff0 of 512 bytes failed: Запрос ReadProcessMemory или WriteProcessMemory был выполнен только частично. (0x12B)
[1015/141126.903:ERROR:process_memory_win.cc(73)] ReadMemory at 0x2b26e2d6ff0 of 512 bytes failed: Запрос ReadProcessMemory или WriteProcessMemory был выполнен только частично. (0x12B)
[1015/141126.903:ERROR:process_memory_win.cc(73)] ReadMemory at 0x2b272fba240 of 512 bytes failed: Запрос ReadProcessMemory или WriteProcessMemory был выполнен только частично. (0x12B)
[1015/141126.903:ERROR:process_memory_win.cc(73)] ReadMemory at 0x2b2731054a0 of 512 bytes failed: Запрос ReadProcessMemory или WriteProcessMemory был выполнен только частично. (0x12B)
[1015/141126.903:ERROR:process_memory_win.cc(73)] ReadMemory at 0x2b2731056b0 of 512 bytes failed: Запрос ReadProcessMemory или WriteProcessMemory был выполнен только частично. (0x12B)
[1015/141126.903:ERROR:process_memory_win.cc(73)] ReadMemory at 0x6c15bb10990 of 512 bytes failed: Запрос ReadProcessMemory или WriteProcessMemory был выполнен только частично. (0x12B)
[1015/141126.906:ERROR:process_memory_win.cc(73)] ReadMemory at 0x281662915dc8 of 512 bytes failed: Запрос ReadProcessMemory или WriteProcessMemory был выполнен только частично. (0x12B)
[1015/141126.906:ERROR:process_memory_win.cc(73)] ReadMemory at 0x6b9db71f95b8 of 528 bytes failed: Запрос ReadProcessMemory или WriteProcessMemory был выполнен только частично. (0x12B)
[1015/141126.906:ERROR:process_memory_win.cc(73)] ReadMemory at 0x757008199141 of 512 bytes failed: Запрос ReadProcessMemory или WriteProcessMemory был выполнен только частично. (0x12B)
[1015/141126.906:ERROR:process_memory_win.cc(73)] ReadMemory at 0x7a83dc9daa50 of 524 bytes failed: Запрос ReadProcessMemory или WriteProcessMemory был выполнен только частично. (0x12B)
[1015/141126.907:ERROR:process_memory_win.cc(73)] ReadMemory at 0x7a83de06ff80 of 128 bytes failed: Запрос ReadProcessMemory или WriteProcessMemory был выполнен только частично. (0x12B)
[1015/141126.907:ERROR:process_memory_win.cc(73)] ReadMemory at 0x7ffdc5615a70 of 512 bytes failed: Запрос ReadProcessMemory или WriteProcessMemory был выполнен только частично. (0x12B)
[1015/141126.907:ERROR:process_memory_win.cc(73)] ReadMemory at 0x7ffdc682a730 of 512 bytes failed: Запрос ReadProcessMemory или WriteProcessMemory был выполнен только частично. (0x12B)
[1015/141126.907:ERROR:process_memory_win.cc(73)] ReadMemory at 0x7ffde1af5810 of 512 bytes failed: Запрос ReadProcessMemory или WriteProcessMemory был выполнен только частично. (0x12B)
[1015/141126.907:ERROR:process_memory_win.cc(73)] ReadMemory at 0x7ffde1af5ed7 of 512 bytes failed: Запрос ReadProcessMemory или WriteProcessMemory был выполнен только частично. (0x12B)
[1015/141126.907:ERROR:process_memory_win.cc(73)] ReadMemory at 0x7ffe10a149f0 of 512 bytes failed: Запрос ReadProcessMemory или WriteProcessMemory был выполнен только частично. (0x12B)
[1015/141126.908:ERROR:process_memory_win.cc(73)] ReadMemory at 0x7ffe1130bdc4 of 672 bytes failed: Запрос ReadProcessMemory или WriteProcessMemory был выполнен только частично. (0x12B)
[1015/141126.908:ERROR:process_memory_win.cc(73)] ReadMemory at 0x7ffe1130f734 of 608 bytes failed: Запрос ReadProcessMemory или WriteProcessMemory был выполнен только частично. (0x12B)
[1015/141126.908:ERROR:process_memory_win.cc(73)] ReadMemory at 0x7ffe113a06e0 of 18 bytes failed: Запрос ReadProcessMemory или WriteProcessMemory был выполнен только частично. (0x12B)
[1015/141126.908:ERROR:process_memory_win.cc(73)] ReadMemory at 0x7ffe113d44f8 of 40 bytes failed: Запрос ReadProcessMemory или WriteProcessMemory был выполнен только частично. (0x12B)
[1015/141126.908:ERROR:process_memory_win.cc(73)] ReadMemory at 0x7ffe113d4978 of 48 bytes failed: Запрос ReadProcessMemory или WriteProcessMemory был выполнен только частично. (0x12B)
[1015/141126.909:ERROR:process_memory_win.cc(73)] ReadMemory at 0x7ffe113da4c0 of 64 bytes failed: Запрос ReadProcessMemory или WriteProcessMemory был выполнен только частично. (0x12B)
[1015/141126.925:ERROR:scoped_process_suspend.cc(40)] NtResumeProcess: Попытка доступа к процессу, выполняющему процедуру завершения. (0xc000010a)
